<?xml version="1.0" encoding="UTF-8"?>
<testng-results ignored="0" total="2" passed="2" failed="0" skipped="0">
  <reporter-output>
  </reporter-output>
  <suite started-at="2023-09-13T12:32:06 TRT" name="OpenCartSuite" finished-at="2023-09-13T12:32:13 TRT" duration-ms="7399">
    <groups>
      <group name="Master">
        <method signature="TC_001_AccountRegistrationTest.test_account_Registration()[pri:0, instance:testCases.TC_001_AccountRegistrationTest@61dd025]" name="test_account_Registration" class="testCases.TC_001_AccountRegistrationTest"/>
        <method signature="TC_002_LoginTest.test_login()[pri:0, instance:testCases.TC_002_LoginTest@47542153]" name="test_login" class="testCases.TC_002_LoginTest"/>
      </group> <!-- Master -->
      <group name="Sanity">
        <method signature="TC_002_LoginTest.test_login()[pri:0, instance:testCases.TC_002_LoginTest@47542153]" name="test_login" class="testCases.TC_002_LoginTest"/>
      </group> <!-- Sanity -->
      <group name="Regression">
        <method signature="TC_001_AccountRegistrationTest.test_account_Registration()[pri:0, instance:testCases.TC_001_AccountRegistrationTest@61dd025]" name="test_account_Registration" class="testCases.TC_001_AccountRegistrationTest"/>
      </group> <!-- Regression -->
    </groups>
    <test started-at="2023-09-13T12:32:06 TRT" name="OpenCartTest" finished-at="2023-09-13T12:32:13 TRT" duration-ms="7399">
      <class name="testCases.TC_001_AccountRegistrationTest">
        <test-method is-config="true" signature="setup(java.lang.String)[pri:0, instance:testCases.TC_001_AccountRegistrationTest@61dd025]" started-at="2023-09-13T12:32:06 TRT" name="setup" finished-at="2023-09-13T12:32:09 TRT" duration-ms="3051" status="PASS">
          <params>
            <param index="0">
              <value>
                <![CDATA[edge]]>
              </value>
            </param>
          </params>
          <reporter-output>
          </reporter-output>
        </test-method> <!-- setup -->
        <test-method signature="test_account_Registration()[pri:0, instance:testCases.TC_001_AccountRegistrationTest@61dd025]" started-at="2023-09-13T12:32:09 TRT" name="test_account_Registration" finished-at="2023-09-13T12:32:10 TRT" duration-ms="1004" status="PASS">
          <reporter-output>
          </reporter-output>
        </test-method> <!-- test_account_Registration -->
        <test-method is-config="true" signature="tearDown()[pri:0, instance:testCases.TC_001_AccountRegistrationTest@61dd025]" started-at="2023-09-13T12:32:10 TRT" name="tearDown" finished-at="2023-09-13T12:32:10 TRT" duration-ms="223" status="PASS">
          <reporter-output>
          </reporter-output>
        </test-method> <!-- tearDown -->
      </class> <!-- testCases.TC_001_AccountRegistrationTest -->
      <class name="testCases.TC_002_LoginTest">
        <test-method is-config="true" signature="setup(java.lang.String)[pri:0, instance:testCases.TC_002_LoginTest@47542153]" started-at="2023-09-13T12:32:10 TRT" name="setup" finished-at="2023-09-13T12:32:12 TRT" duration-ms="1804" status="PASS">
          <params>
            <param index="0">
              <value>
                <![CDATA[edge]]>
              </value>
            </param>
          </params>
          <reporter-output>
          </reporter-output>
        </test-method> <!-- setup -->
        <test-method signature="test_login()[pri:0, instance:testCases.TC_002_LoginTest@47542153]" started-at="2023-09-13T12:32:12 TRT" name="test_login" finished-at="2023-09-13T12:32:13 TRT" duration-ms="758" status="PASS">
          <reporter-output>
          </reporter-output>
        </test-method> <!-- test_login -->
        <test-method is-config="true" signature="tearDown()[pri:0, instance:testCases.TC_002_LoginTest@47542153]" started-at="2023-09-13T12:32:13 TRT" name="tearDown" finished-at="2023-09-13T12:32:13 TRT" duration-ms="183" status="PASS">
          <reporter-output>
          </reporter-output>
        </test-method> <!-- tearDown -->
      </class> <!-- testCases.TC_002_LoginTest -->
    </test> <!-- OpenCartTest -->
  </suite> <!-- OpenCartSuite -->
</testng-results>
